  main.cpp
E:\大二上\高程进阶\大作业\期末作业\虚拟发动机性能监控模块开发（real）\虚拟发动机性能监控模块开发\main.cpp(935,47): warning C4244: “参数”: 从“double”转换到“int”，可能丢失数据
E:\大二上\高程进阶\大作业\期末作业\虚拟发动机性能监控模块开发（real）\虚拟发动机性能监控模块开发\main.cpp(935,35): warning C4244: “参数”: 从“double”转换到“int”，可能丢失数据
E:\大二上\高程进阶\大作业\期末作业\虚拟发动机性能监控模块开发（real）\虚拟发动机性能监控模块开发\main.cpp(935,23): warning C4244: “参数”: 从“double”转换到“int”，可能丢失数据
E:\大二上\高程进阶\大作业\期末作业\虚拟发动机性能监控模块开发（real）\虚拟发动机性能监控模块开发\main.cpp(935,11): warning C4244: “参数”: 从“double”转换到“int”，可能丢失数据
E:\大二上\高程进阶\大作业\期末作业\虚拟发动机性能监控模块开发（real）\虚拟发动机性能监控模块开发\main.cpp(938,25): warning C4244: “参数”: 从“double”转换到“int”，可能丢失数据
E:\大二上\高程进阶\大作业\期末作业\虚拟发动机性能监控模块开发（real）\虚拟发动机性能监控模块开发\main.cpp(938,17): warning C4244: “参数”: 从“double”转换到“int”，可能丢失数据
E:\大二上\高程进阶\大作业\期末作业\虚拟发动机性能监控模块开发（real）\虚拟发动机性能监控模块开发\main.cpp(943,24): warning C4838: 从“double”转换到“LONG”需要收缩转换
E:\大二上\高程进阶\大作业\期末作业\虚拟发动机性能监控模块开发（real）\虚拟发动机性能监控模块开发\main.cpp(943,24): warning C4244: “初始化”: 从“double”转换到“LONG”，可能丢失数据
E:\大二上\高程进阶\大作业\期末作业\虚拟发动机性能监控模块开发（real）\虚拟发动机性能监控模块开发\main.cpp(943,29): warning C4838: 从“double”转换到“LONG”需要收缩转换
E:\大二上\高程进阶\大作业\期末作业\虚拟发动机性能监控模块开发（real）\虚拟发动机性能监控模块开发\main.cpp(943,29): warning C4244: “初始化”: 从“double”转换到“LONG”，可能丢失数据
E:\大二上\高程进阶\大作业\期末作业\虚拟发动机性能监控模块开发（real）\虚拟发动机性能监控模块开发\main.cpp(943,46): warning C4838: 从“double”转换到“LONG”需要收缩转换
E:\大二上\高程进阶\大作业\期末作业\虚拟发动机性能监控模块开发（real）\虚拟发动机性能监控模块开发\main.cpp(943,46): warning C4244: “初始化”: 从“double”转换到“LONG”，可能丢失数据
E:\大二上\高程进阶\大作业\期末作业\虚拟发动机性能监控模块开发（real）\虚拟发动机性能监控模块开发\main.cpp(943,52): warning C4838: 从“double”转换到“LONG”需要收缩转换
E:\大二上\高程进阶\大作业\期末作业\虚拟发动机性能监控模块开发（real）\虚拟发动机性能监控模块开发\main.cpp(943,52): warning C4244: “初始化”: 从“double”转换到“LONG”，可能丢失数据
E:\大二上\高程进阶\大作业\期末作业\虚拟发动机性能监控模块开发（real）\虚拟发动机性能监控模块开发\main.cpp(955,73): warning C4244: “参数”: 从“double”转换到“int”，可能丢失数据
E:\大二上\高程进阶\大作业\期末作业\虚拟发动机性能监控模块开发（real）\虚拟发动机性能监控模块开发\main.cpp(955,55): warning C4244: “参数”: 从“double”转换到“int”，可能丢失数据
E:\大二上\高程进阶\大作业\期末作业\虚拟发动机性能监控模块开发（real）\虚拟发动机性能监控模块开发\main.cpp(955,37): warning C4244: “参数”: 从“double”转换到“int”，可能丢失数据
E:\大二上\高程进阶\大作业\期末作业\虚拟发动机性能监控模块开发（real）\虚拟发动机性能监控模块开发\main.cpp(955,19): warning C4244: “参数”: 从“double”转换到“int”，可能丢失数据
E:\大二上\高程进阶\大作业\期末作业\虚拟发动机性能监控模块开发（real）\虚拟发动机性能监控模块开发\main.cpp(1407,1): warning C4715: “faultToString”: 不是所有的控件路径都返回值
  LINK : 没有找到 E:\大二上\高程进阶\大作业\期末作业\虚拟发动机性能监控模块开发（real）\x64\Debug\虚拟发动机性能监控模块开发.exe 或上一个增量链接没有生成它；正在执行完全链接
  虚拟发动机性能监控模块开发.vcxproj -> E:\大二上\高程进阶\大作业\期末作业\虚拟发动机性能监控模块开发（real）\x64\Debug\虚拟发动机性能监控模块开发.exe
